\BOOKMARK [0][-]{chapter*.1}{\376\377\000R\000\351\000s\000u\000m\000\351}{}% 1
\BOOKMARK [0][-]{table.caption.2}{\376\377\000L\000i\000s\000t\000e\000\040\000d\000e\000s\000\040\000f\000i\000g\000u\000r\000e\000s}{}% 2
\BOOKMARK [0][-]{table.caption.2}{\376\377\000L\000i\000s\000t\000e\000\040\000d\000e\000s\000\040\000t\000a\000b\000l\000e\000a\000u\000x}{}% 3
\BOOKMARK [0][-]{chapter.1}{\376\377\000I\000n\000t\000r\000o\000d\000u\000c\000t\000i\000o\000n}{}% 4
\BOOKMARK [1][-]{section.1.1}{\376\377\000C\000o\000n\000t\000e\000x\000t\000e}{chapter.1}% 5
\BOOKMARK [1][-]{section.1.2}{\376\377\000P\000r\000o\000b\000l\000\351\000m\000a\000t\000i\000q\000u\000e}{chapter.1}% 6
\BOOKMARK [1][-]{section.1.3}{\376\377\000O\000b\000j\000e\000c\000t\000i\000f\000s\000\040\000d\000u\000\040\000p\000r\000o\000j\000e\000t}{chapter.1}% 7
\BOOKMARK [2][-]{subsection.1.3.1}{\376\377\000P\000a\000r\000t\000i\000e\000\040\0001\000\040\000:\000\040\000O\000p\000t\000i\000m\000i\000s\000a\000t\000i\000o\000n\000\040\000d\000u\000\040\000F\0001\000-\000S\000c\000o\000r\000e}{section.1.3}% 8
\BOOKMARK [2][-]{subsection.1.3.2}{\376\377\000P\000a\000r\000t\000i\000e\000\040\0002\000\040\000:\000\040\000O\000p\000t\000i\000m\000i\000s\000a\000t\000i\000o\000n\000\040\000d\000e\000\040\000l\000a\000\040\000M\000a\000r\000g\000e}{section.1.3}% 9
\BOOKMARK [1][-]{section.1.4}{\376\377\000M\000\351\000t\000h\000o\000d\000o\000l\000o\000g\000i\000e}{chapter.1}% 10
\BOOKMARK [1][-]{section.1.5}{\376\377\000O\000r\000g\000a\000n\000i\000s\000a\000t\000i\000o\000n\000\040\000d\000u\000\040\000r\000a\000p\000p\000o\000r\000t}{chapter.1}% 11
\BOOKMARK [0][-]{chapter.2}{\376\377\000D\000e\000s\000c\000r\000i\000p\000t\000i\000o\000n\000\040\000d\000e\000s\000\040\000d\000o\000n\000n\000\351\000e\000s}{}% 12
\BOOKMARK [1][-]{section.2.1}{\376\377\000S\000o\000u\000r\000c\000e\000\040\000d\000e\000s\000\040\000d\000o\000n\000n\000\351\000e\000s}{chapter.2}% 13
\BOOKMARK [1][-]{section.2.2}{\376\377\000V\000u\000e\000\040\000d\000'\000e\000n\000s\000e\000m\000b\000l\000e}{chapter.2}% 14
\BOOKMARK [1][-]{section.2.3}{\376\377\000D\000e\000s\000c\000r\000i\000p\000t\000i\000o\000n\000\040\000d\000e\000s\000\040\000v\000a\000r\000i\000a\000b\000l\000e\000s}{chapter.2}% 15
\BOOKMARK [2][-]{subsection.2.3.1}{\376\377\000V\000a\000r\000i\000a\000b\000l\000e\000\040\000c\000i\000b\000l\000e}{section.2.3}% 16
\BOOKMARK [2][-]{subsection.2.3.2}{\376\377\000V\000a\000r\000i\000a\000b\000l\000e\000s\000\040\000d\000'\000i\000d\000e\000n\000t\000i\000f\000i\000c\000a\000t\000i\000o\000n}{section.2.3}% 17
\BOOKMARK [2][-]{subsection.2.3.3}{\376\377\000V\000a\000r\000i\000a\000b\000l\000e\000s\000\040\000t\000e\000m\000p\000o\000r\000e\000l\000l\000e\000s}{section.2.3}% 18
\BOOKMARK [2][-]{subsection.2.3.4}{\376\377\000V\000a\000r\000i\000a\000b\000l\000e\000s\000\040\000d\000e\000\040\000m\000o\000n\000t\000a\000n\000t}{section.2.3}% 19
\BOOKMARK [2][-]{subsection.2.3.5}{\376\377\000V\000a\000r\000i\000a\000b\000l\000e\000s\000\040\000d\000e\000\040\000s\000c\000o\000r\000i\000n\000g}{section.2.3}% 20
\BOOKMARK [2][-]{subsection.2.3.6}{\376\377\000V\000a\000r\000i\000a\000b\000l\000e\000s\000\040\000V\000e\000r\000i\000f\000i\000n\000a\000n\000c\000e}{section.2.3}% 21
\BOOKMARK [2][-]{subsection.2.3.7}{\376\377\000A\000u\000t\000r\000e\000s\000\040\000v\000a\000r\000i\000a\000b\000l\000e\000s}{section.2.3}% 22
\BOOKMARK [1][-]{section.2.4}{\376\377\000S\000p\000l\000i\000t\000\040\000t\000e\000m\000p\000o\000r\000e\000l}{chapter.2}% 23
\BOOKMARK [1][-]{section.2.5}{\376\377\000D\000\351\000s\000\351\000q\000u\000i\000l\000i\000b\000r\000e\000\040\000d\000e\000s\000\040\000c\000l\000a\000s\000s\000e\000s}{chapter.2}% 24
\BOOKMARK [1][-]{section.2.6}{\376\377\000A\000n\000a\000l\000y\000s\000e\000\040\000e\000x\000p\000l\000o\000r\000a\000t\000o\000i\000r\000e}{chapter.2}% 25
\BOOKMARK [2][-]{subsection.2.6.1}{\376\377\000D\000i\000s\000t\000r\000i\000b\000u\000t\000i\000o\000n\000\040\000d\000e\000s\000\040\000m\000o\000n\000t\000a\000n\000t\000s}{section.2.6}% 26
\BOOKMARK [2][-]{subsection.2.6.2}{\376\377\000V\000a\000r\000i\000a\000b\000l\000e\000s\000\040\000l\000e\000s\000\040\000p\000l\000u\000s\000\040\000d\000i\000s\000c\000r\000i\000m\000i\000n\000a\000n\000t\000e\000s}{section.2.6}% 27
\BOOKMARK [2][-]{subsection.2.6.3}{\376\377\000C\000o\000r\000r\000\351\000l\000a\000t\000i\000o\000n\000s}{section.2.6}% 28
\BOOKMARK [0][-]{chapter.3}{\376\377\000P\000r\000\351\000t\000r\000a\000i\000t\000e\000m\000e\000n\000t\000\040\000d\000e\000s\000\040\000d\000o\000n\000n\000\351\000e\000s}{}% 29
\BOOKMARK [1][-]{section.3.1}{\376\377\000V\000u\000e\000\040\000d\000'\000e\000n\000s\000e\000m\000b\000l\000e\000\040\000d\000u\000\040\000p\000r\000\351\000t\000r\000a\000i\000t\000e\000m\000e\000n\000t}{chapter.3}% 30
\BOOKMARK [1][-]{section.3.2}{\376\377\000G\000e\000s\000t\000i\000o\000n\000\040\000d\000e\000s\000\040\000v\000a\000l\000e\000u\000r\000s\000\040\000m\000a\000n\000q\000u\000a\000n\000t\000e\000s}{chapter.3}% 31
\BOOKMARK [1][-]{section.3.3}{\376\377\000C\000o\000r\000r\000e\000c\000t\000i\000o\000n\000\040\000d\000e\000s\000\040\000t\000y\000p\000e\000s\000\040\000d\000e\000\040\000d\000o\000n\000n\000\351\000e\000s}{chapter.3}% 32
\BOOKMARK [1][-]{section.3.4}{\376\377\000S\000u\000p\000p\000r\000e\000s\000s\000i\000o\000n\000\040\000d\000e\000s\000\040\000v\000a\000r\000i\000a\000b\000l\000e\000s\000\040\000n\000o\000n\000\040\000p\000e\000r\000t\000i\000n\000e\000n\000t\000e\000s}{chapter.3}% 33
\BOOKMARK [1][-]{section.3.5}{\376\377\000S\000\351\000l\000e\000c\000t\000i\000o\000n\000\040\000d\000e\000s\000\040\000f\000e\000a\000t\000u\000r\000e\000s}{chapter.3}% 34
\BOOKMARK [1][-]{section.3.6}{\376\377\000S\000p\000l\000i\000t\000\040\000t\000e\000m\000p\000o\000r\000e\000l}{chapter.3}% 35
\BOOKMARK [1][-]{section.3.7}{\376\377\000A\000n\000a\000l\000y\000s\000e\000\040\000d\000e\000s\000\040\000c\000o\000r\000r\000\351\000l\000a\000t\000i\000o\000n\000s}{chapter.3}% 36
\BOOKMARK [2][-]{subsection.3.7.1}{\376\377\000M\000u\000l\000t\000i\000c\000o\000l\000i\000n\000\351\000a\000r\000i\000t\000\351}{section.3.7}% 37
\BOOKMARK [2][-]{subsection.3.7.2}{\376\377\000C\000o\000r\000r\000\351\000l\000a\000t\000i\000o\000n\000\040\000a\000v\000e\000c\000\040\000l\000a\000\040\000c\000i\000b\000l\000e}{section.3.7}% 38
\BOOKMARK [1][-]{section.3.8}{\376\377\000R\000\351\000s\000u\000m\000\351\000\040\000d\000u\000\040\000p\000r\000\351\000t\000r\000a\000i\000t\000e\000m\000e\000n\000t}{chapter.3}% 39
\BOOKMARK [0][-]{chapter.4}{\376\377\000M\000o\000d\000\351\000l\000i\000s\000a\000t\000i\000o\000n\000\040\000-\000\040\000P\000a\000r\000t\000i\000e\000\040\0001\000\040\000:\000\040\000O\000p\000t\000i\000m\000i\000s\000a\000t\000i\000o\000n\000\040\000d\000u\000\040\000F\0001\000-\000S\000c\000o\000r\000e}{}% 40
\BOOKMARK [1][-]{section.4.1}{\376\377\000O\000b\000j\000e\000c\000t\000i\000f}{chapter.4}% 41
\BOOKMARK [1][-]{section.4.2}{\376\377\000D\000\351\000f\000i\000\040\000d\000u\000\040\000d\000\351\000s\000\351\000q\000u\000i\000l\000i\000b\000r\000e\000\040\000d\000e\000s\000\040\000c\000l\000a\000s\000s\000e\000s}{chapter.4}% 42
\BOOKMARK [1][-]{section.4.3}{\376\377\000T\000e\000c\000h\000n\000i\000q\000u\000e\000s\000\040\000d\000e\000\040\000r\000\351\000\351\000c\000h\000a\000n\000t\000i\000l\000l\000o\000n\000n\000a\000g\000e}{chapter.4}% 43
\BOOKMARK [2][-]{subsection.4.3.1}{\376\377\000S\000M\000O\000T\000E\000\040\000\050\000S\000y\000n\000t\000h\000e\000t\000i\000c\000\040\000M\000i\000n\000o\000r\000i\000t\000y\000\040\000O\000v\000e\000r\000-\000s\000a\000m\000p\000l\000i\000n\000g\000\040\000T\000e\000c\000h\000n\000i\000q\000u\000e\000\051}{section.4.3}% 44
\BOOKMARK [2][-]{subsection.4.3.2}{\376\377\000A\000D\000A\000S\000Y\000N\000\040\000\050\000A\000d\000a\000p\000t\000i\000v\000e\000\040\000S\000y\000n\000t\000h\000e\000t\000i\000c\000\040\000S\000a\000m\000p\000l\000i\000n\000g\000\051}{section.4.3}% 45
\BOOKMARK [2][-]{subsection.4.3.3}{\376\377\000S\000o\000u\000s\000-\000\351\000c\000h\000a\000n\000t\000i\000l\000l\000o\000n\000n\000a\000g\000e\000\040\000\050\000R\000a\000n\000d\000o\000m\000\040\000U\000n\000d\000e\000r\000-\000S\000a\000m\000p\000l\000i\000n\000g\000\051}{section.4.3}% 46
\BOOKMARK [2][-]{subsection.4.3.4}{\376\377\000S\000M\000O\000T\000E\000T\000o\000m\000e\000k}{section.4.3}% 47
\BOOKMARK [2][-]{subsection.4.3.5}{\376\377\000P\000o\000n\000d\000\351\000r\000a\000t\000i\000o\000n\000\040\000d\000e\000s\000\040\000c\000l\000a\000s\000s\000e\000s\000\040\000\050\000C\000o\000s\000t\000-\000S\000e\000n\000s\000i\000t\000i\000v\000e\000\040\000L\000e\000a\000r\000n\000i\000n\000g\000\051}{section.4.3}% 48
\BOOKMARK [1][-]{section.4.4}{\376\377\000M\000\351\000t\000h\000o\000d\000e\000s\000\040\000t\000e\000s\000t\000\351\000e\000s}{chapter.4}% 49
\BOOKMARK [1][-]{section.4.5}{\376\377\000R\000\351\000s\000u\000l\000t\000a\000t\000s}{chapter.4}% 50
\BOOKMARK [2][-]{subsection.4.5.1}{\376\377\000C\000o\000m\000p\000a\000r\000a\000i\000s\000o\000n\000\040\000d\000e\000s\000\040\000m\000\351\000t\000h\000o\000d\000e\000s}{section.4.5}% 51
\BOOKMARK [2][-]{subsection.4.5.2}{\376\377\000A\000n\000a\000l\000y\000s\000e\000\040\000d\000e\000s\000\040\000r\000\351\000s\000u\000l\000t\000a\000t\000s}{section.4.5}% 52
\BOOKMARK [1][-]{section.4.6}{\376\377\000O\000p\000t\000i\000m\000i\000s\000a\000t\000i\000o\000n\000\040\000d\000u\000\040\000s\000e\000u\000i\000l\000\040\000d\000e\000\040\000d\000\351\000c\000i\000s\000i\000o\000n}{chapter.4}% 53
\BOOKMARK [2][-]{subsection.4.6.1}{\376\377\000M\000\351\000t\000h\000o\000d\000e}{section.4.6}% 54
\BOOKMARK [2][-]{subsection.4.6.2}{\376\377\000R\000\351\000s\000u\000l\000t\000a\000t}{section.4.6}% 55
\BOOKMARK [1][-]{section.4.7}{\376\377\000A\000n\000a\000l\000y\000s\000e\000\040\000d\000u\000\040\000m\000e\000i\000l\000l\000e\000u\000r\000\040\000m\000o\000d\000\350\000l\000e}{chapter.4}% 56
\BOOKMARK [2][-]{subsection.4.7.1}{\376\377\000P\000e\000r\000f\000o\000r\000m\000a\000n\000c\000e\000\040\000a\000v\000e\000c\000\040\000s\000e\000u\000i\000l\000\040\000o\000p\000t\000i\000m\000i\000s\000\351}{section.4.7}% 57
\BOOKMARK [2][-]{subsection.4.7.2}{\376\377\000M\000a\000t\000r\000i\000c\000e\000\040\000d\000e\000\040\000c\000o\000n\000f\000u\000s\000i\000o\000n}{section.4.7}% 58
\BOOKMARK [1][-]{section.4.8}{\376\377\000I\000m\000p\000o\000r\000t\000a\000n\000c\000e\000\040\000d\000e\000s\000\040\000v\000a\000r\000i\000a\000b\000l\000e\000s}{chapter.4}% 59
\BOOKMARK [1][-]{section.4.9}{\376\377\000C\000o\000n\000c\000l\000u\000s\000i\000o\000n\000\040\000d\000e\000\040\000l\000a\000\040\000P\000a\000r\000t\000i\000e\000\040\0001}{chapter.4}% 60
\BOOKMARK [0][-]{chapter.5}{\376\377\000M\000o\000d\000\351\000l\000i\000s\000a\000t\000i\000o\000n\000\040\000-\000\040\000P\000a\000r\000t\000i\000e\000\040\0002\000\040\000:\000\040\000O\000p\000t\000i\000m\000i\000s\000a\000t\000i\000o\000n\000\040\000d\000e\000\040\000l\000a\000\040\000M\000a\000r\000g\000e}{}% 61
\BOOKMARK [1][-]{section.5.1}{\376\377\000O\000b\000j\000e\000c\000t\000i\000f}{chapter.5}% 62
\BOOKMARK [1][-]{section.5.2}{\376\377\000M\000a\000t\000r\000i\000c\000e\000\040\000d\000e\000\040\000c\000o\000\373\000t\000s}{chapter.5}% 63
\BOOKMARK [2][-]{subsection.5.2.1}{\376\377\000D\000\351\000t\000a\000i\000l\000\040\000d\000e\000s\000\040\000c\000o\000\373\000t\000s\000\040\000F\000N\000\040\000\050\000F\000a\000u\000x\000\040\000N\000\351\000g\000a\000t\000i\000f\000s\000\051}{section.5.2}% 64
\BOOKMARK [1][-]{section.5.3}{\376\377\000C\000a\000l\000c\000u\000l\000\040\000d\000e\000\040\000l\000a\000\040\000m\000a\000r\000g\000e}{chapter.5}% 65
\BOOKMARK [1][-]{section.5.4}{\376\377\000R\000\351\000f\000\351\000r\000e\000n\000c\000e\000\040\000:\000\040\000S\000a\000n\000s\000\040\000d\000\351\000t\000e\000c\000t\000i\000o\000n\000\040\000d\000e\000\040\000f\000r\000a\000u\000d\000e}{chapter.5}% 66
\BOOKMARK [1][-]{section.5.5}{\376\377\000M\000\351\000t\000h\000o\000d\000e\000s\000\040\000t\000e\000s\000t\000\351\000e\000s}{chapter.5}% 67
\BOOKMARK [1][-]{section.5.6}{\376\377\000O\000p\000t\000i\000m\000i\000s\000a\000t\000i\000o\000n\000\040\000d\000u\000\040\000s\000e\000u\000i\000l\000\040\000p\000o\000u\000r\000\040\000l\000a\000\040\000m\000a\000r\000g\000e}{chapter.5}% 68
\BOOKMARK [1][-]{section.5.7}{\376\377\000S\000t\000r\000a\000t\000\351\000g\000i\000e\000\040\000d\000e\000\040\000s\000e\000u\000i\000l\000\040\000a\000d\000a\000p\000t\000a\000t\000i\000f}{chapter.5}% 69
\BOOKMARK [1][-]{section.5.8}{\376\377\000R\000\351\000s\000u\000l\000t\000a\000t\000s}{chapter.5}% 70
\BOOKMARK [1][-]{section.5.9}{\376\377\000A\000n\000a\000l\000y\000s\000e\000\040\000d\000e\000s\000\040\000r\000\351\000s\000u\000l\000t\000a\000t\000s}{chapter.5}% 71
\BOOKMARK [2][-]{subsection.5.9.1}{\376\377\000M\000e\000i\000l\000l\000e\000u\000r\000\040\000m\000o\000d\000\350\000l\000e\000\040\000:\000\040\000X\000G\000B\000o\000o\000s\000t\000\040\000o\000p\000t\000i\000m\000i\000s\000\351}{section.5.9}% 72
\BOOKMARK [2][-]{subsection.5.9.2}{\376\377\000O\000b\000s\000e\000r\000v\000a\000t\000i\000o\000n\000s\000\040\000c\000l\000\351\000s}{section.5.9}% 73
\BOOKMARK [2][-]{subsection.5.9.3}{\376\377\000C\000o\000m\000p\000a\000r\000a\000i\000s\000o\000n\000\040\000a\000v\000e\000c\000\040\000l\000a\000\040\000P\000a\000r\000t\000i\000e\000\040\0001}{section.5.9}% 74
\BOOKMARK [1][-]{section.5.10}{\376\377\000C\000o\000n\000c\000l\000u\000s\000i\000o\000n\000\040\000d\000e\000\040\000l\000a\000\040\000P\000a\000r\000t\000i\000e\000\040\0002}{chapter.5}% 75
\BOOKMARK [0][-]{chapter.6}{\376\377\000C\000o\000n\000c\000l\000u\000s\000i\000o\000n}{}% 76
\BOOKMARK [1][-]{section.6.1}{\376\377\000S\000y\000n\000t\000h\000\350\000s\000e\000\040\000d\000e\000s\000\040\000r\000\351\000s\000u\000l\000t\000a\000t\000s}{chapter.6}% 77
\BOOKMARK [2][-]{subsection.6.1.1}{\376\377\000P\000a\000r\000t\000i\000e\000\040\0001\000\040\000:\000\040\000O\000p\000t\000i\000m\000i\000s\000a\000t\000i\000o\000n\000\040\000d\000u\000\040\000F\0001\000-\000S\000c\000o\000r\000e}{section.6.1}% 78
\BOOKMARK [2][-]{subsection.6.1.2}{\376\377\000P\000a\000r\000t\000i\000e\000\040\0002\000\040\000:\000\040\000O\000p\000t\000i\000m\000i\000s\000a\000t\000i\000o\000n\000\040\000d\000e\000\040\000l\000a\000\040\000M\000a\000r\000g\000e}{section.6.1}% 79
\BOOKMARK [1][-]{section.6.2}{\376\377\000E\000n\000s\000e\000i\000g\000n\000e\000m\000e\000n\000t\000s\000\040\000c\000l\000\351\000s}{chapter.6}% 80
\BOOKMARK [2][-]{subsection.6.2.1}{\376\377\000S\000u\000r\000\040\000l\000e\000\040\000d\000\351\000s\000\351\000q\000u\000i\000l\000i\000b\000r\000e\000\040\000d\000e\000s\000\040\000c\000l\000a\000s\000s\000e\000s}{section.6.2}% 81
\BOOKMARK [2][-]{subsection.6.2.2}{\376\377\000S\000u\000r\000\040\000l\000'\000o\000p\000t\000i\000m\000i\000s\000a\000t\000i\000o\000n\000\040\000d\000u\000\040\000s\000e\000u\000i\000l}{section.6.2}% 82
\BOOKMARK [2][-]{subsection.6.2.3}{\376\377\000S\000u\000r\000\040\000l\000e\000s\000\040\000o\000b\000j\000e\000c\000t\000i\000f\000s\000\040\000d\000i\000f\000f\000\351\000r\000e\000n\000t\000s}{section.6.2}% 83
\BOOKMARK [1][-]{section.6.3}{\376\377\000L\000i\000m\000i\000t\000e\000s\000\040\000d\000u\000\040\000p\000r\000o\000j\000e\000t}{chapter.6}% 84
\BOOKMARK [2][-]{subsection.6.3.1}{\376\377\000T\000a\000u\000x\000\040\000d\000e\000\040\000d\000\351\000t\000e\000c\000t\000i\000o\000n}{section.6.3}% 85
\BOOKMARK [2][-]{subsection.6.3.2}{\376\377\000D\000r\000i\000f\000t\000\040\000t\000e\000m\000p\000o\000r\000e\000l}{section.6.3}% 86
\BOOKMARK [2][-]{subsection.6.3.3}{\376\377\000D\000o\000n\000n\000\351\000e\000s\000\040\000l\000i\000m\000i\000t\000\351\000e\000s}{section.6.3}% 87
\BOOKMARK [1][-]{section.6.4}{\376\377\000P\000e\000r\000s\000p\000e\000c\000t\000i\000v\000e\000s}{chapter.6}% 88
\BOOKMARK [2][-]{subsection.6.4.1}{\376\377\000A\000m\000\351\000l\000i\000o\000r\000a\000t\000i\000o\000n\000s\000\040\000t\000e\000c\000h\000n\000i\000q\000u\000e\000s}{section.6.4}% 89
\BOOKMARK [2][-]{subsection.6.4.2}{\376\377\000D\000\351\000p\000l\000o\000i\000e\000m\000e\000n\000t}{section.6.4}% 90
\BOOKMARK [1][-]{section.6.5}{\376\377\000C\000o\000n\000c\000l\000u\000s\000i\000o\000n\000\040\000f\000i\000n\000a\000l\000e}{chapter.6}% 91
\BOOKMARK [0][-]{appendix.A}{\376\377\000A\000n\000n\000e\000x\000e\000s}{}% 92
\BOOKMARK [1][-]{section.A.1}{\376\377\000E\000n\000v\000i\000r\000o\000n\000n\000e\000m\000e\000n\000t\000\040\000t\000e\000c\000h\000n\000i\000q\000u\000e}{appendix.A}% 93
\BOOKMARK [2][-]{subsection.A.1.1}{\376\377\000L\000a\000n\000g\000a\000g\000e\000s\000\040\000e\000t\000\040\000o\000u\000t\000i\000l\000s}{section.A.1}% 94
\BOOKMARK [2][-]{subsection.A.1.2}{\376\377\000B\000i\000b\000l\000i\000o\000t\000h\000\350\000q\000u\000e\000s\000\040\000P\000y\000t\000h\000o\000n}{section.A.1}% 95
\BOOKMARK [1][-]{section.A.2}{\376\377\000S\000t\000r\000u\000c\000t\000u\000r\000e\000\040\000d\000u\000\040\000p\000r\000o\000j\000e\000t}{appendix.A}% 96
\BOOKMARK [1][-]{section.A.3}{\376\377\000M\000\351\000t\000r\000i\000q\000u\000e\000s\000\040\000d\000'\000\351\000v\000a\000l\000u\000a\000t\000i\000o\000n}{appendix.A}% 97
\BOOKMARK [2][-]{subsection.A.3.1}{\376\377\000D\000\351\000f\000i\000n\000i\000t\000i\000o\000n\000s}{section.A.3}% 98
\BOOKMARK [2][-]{subsection.A.3.2}{\376\377\000F\000o\000r\000m\000u\000l\000e\000s}{section.A.3}% 99
\BOOKMARK [1][-]{section.A.4}{\376\377\000A\000l\000g\000o\000r\000i\000t\000h\000m\000e\000s\000\040\000d\000e\000\040\000r\000\351\000\351\000c\000h\000a\000n\000t\000i\000l\000l\000o\000n\000n\000a\000g\000e}{appendix.A}% 100
\BOOKMARK [2][-]{subsection.A.4.1}{\376\377\000S\000M\000O\000T\000E}{section.A.4}% 101
\BOOKMARK [2][-]{subsection.A.4.2}{\376\377\000A\000D\000A\000S\000Y\000N}{section.A.4}% 102
\BOOKMARK [1][-]{section.A.5}{\376\377\000C\000o\000d\000e\000\040\000d\000e\000s\000\040\000f\000o\000n\000c\000t\000i\000o\000n\000s\000\040\000p\000r\000i\000n\000c\000i\000p\000a\000l\000e\000s}{appendix.A}% 103
\BOOKMARK [2][-]{subsection.A.5.1}{\376\377\000C\000a\000l\000c\000u\000l\000\040\000d\000e\000\040\000l\000a\000\040\000m\000a\000r\000g\000e}{section.A.5}% 104
\BOOKMARK [2][-]{subsection.A.5.2}{\376\377\000O\000p\000t\000i\000m\000i\000s\000a\000t\000i\000o\000n\000\040\000d\000u\000\040\000s\000e\000u\000i\000l}{section.A.5}% 105
\BOOKMARK [1][-]{section.A.6}{\376\377\000T\000a\000b\000l\000e\000a\000u\000x\000\040\000d\000e\000\040\000r\000\351\000s\000u\000l\000t\000a\000t\000s\000\040\000d\000\351\000t\000a\000i\000l\000l\000\351\000s}{appendix.A}% 106
\BOOKMARK [2][-]{subsection.A.6.1}{\376\377\000P\000a\000r\000t\000i\000e\000\040\0001\000\040\000:\000\040\000T\000o\000u\000s\000\040\000l\000e\000s\000\040\000m\000o\000d\000\350\000l\000e\000s}{section.A.6}% 107
\BOOKMARK [2][-]{subsection.A.6.2}{\376\377\000P\000a\000r\000t\000i\000e\000\040\0002\000\040\000:\000\040\000T\000o\000u\000s\000\040\000l\000e\000s\000\040\000m\000o\000d\000\350\000l\000e\000s}{section.A.6}% 108
